Determining if the pthread_create exist failed with the following output:
Change Dir: /home/emanueleghelfi/dev/ros-gps-plugin/faultygps/build/CMakeFiles/CMakeTmp

Run Build Command:"/usr/bin/make" "cmTC_26061/fast"
/usr/bin/make -f CMakeFiles/cmTC_26061.dir/build.make CMakeFiles/cmTC_26061.dir/build
make[1]: Entering directory '/home/emanueleghelfi/dev/ros-gps-plugin/faultygps/build/CMakeFiles/CMakeTmp'
Building C object CMakeFiles/cmTC_26061.dir/CheckSymbolExists.c.o
/usr/bin/cc     -o CMakeFiles/cmTC_26061.dir/CheckSymbolExists.c.o   -c /home/emanueleghelfi/dev/ros-gps-plugin/faultygps/build/CMakeFiles/CMakeTmp/CheckSymbolExists.c
Linking C executable cmTC_26061
/usr/bin/cmake -E cmake_link_script CMakeFiles/cmTC_26061.dir/link.txt --verbose=1
/usr/bin/cc       CMakeFiles/cmTC_26061.dir/CheckSymbolExists.c.o  -o cmTC_26061 -rdynamic 
CMakeFiles/cmTC_26061.dir/CheckSymbolExists.c.o: In function `main':
CheckSymbolExists.c:(.text+0x16): undefined reference to `pthread_create'
collect2: error: ld returned 1 exit status
CMakeFiles/cmTC_26061.dir/build.make:97: recipe for target 'cmTC_26061' failed
make[1]: *** [cmTC_26061] Error 1
make[1]: Leaving directory '/home/emanueleghelfi/dev/ros-gps-plugin/faultygps/build/CMakeFiles/CMakeTmp'
Makefile:126: recipe for target 'cmTC_26061/fast' failed
make: *** [cmTC_26061/fast] Error 2

File /home/emanueleghelfi/dev/ros-gps-plugin/faultygps/build/CMakeFiles/CMakeTmp/CheckSymbolExists.c:
/* */
#include <pthread.h>

int main(int argc, char** argv)
{
  (void)argv;
#ifndef pthread_create
  return ((int*)(&pthread_create))[argc];
#else
  (void)argc;
  return 0;
#endif
}

Determining if the function pthread_create exists in the pthreads failed with the following output:
Change Dir: /home/emanueleghelfi/dev/ros-gps-plugin/faultygps/build/CMakeFiles/CMakeTmp

Run Build Command:"/usr/bin/make" "cmTC_839ba/fast"
/usr/bin/make -f CMakeFiles/cmTC_839ba.dir/build.make CMakeFiles/cmTC_839ba.dir/build
make[1]: Entering directory '/home/emanueleghelfi/dev/ros-gps-plugin/faultygps/build/CMakeFiles/CMakeTmp'
Building C object CMakeFiles/cmTC_839ba.dir/CheckFunctionExists.c.o
/usr/bin/cc    -DCHECK_FUNCTION_EXISTS=pthread_create   -o CMakeFiles/cmTC_839ba.dir/CheckFunctionExists.c.o   -c /usr/share/cmake-3.5/Modules/CheckFunctionExists.c
Linking C executable cmTC_839ba
/usr/bin/cmake -E cmake_link_script CMakeFiles/cmTC_839ba.dir/link.txt --verbose=1
/usr/bin/cc   -DCHECK_FUNCTION_EXISTS=pthread_create    CMakeFiles/cmTC_839ba.dir/CheckFunctionExists.c.o  -o cmTC_839ba -rdynamic -lpthreads 
/usr/bin/ld: cannot find -lpthreads
collect2: error: ld returned 1 exit status
CMakeFiles/cmTC_839ba.dir/build.make:97: recipe for target 'cmTC_839ba' failed
make[1]: *** [cmTC_839ba] Error 1
make[1]: Leaving directory '/home/emanueleghelfi/dev/ros-gps-plugin/faultygps/build/CMakeFiles/CMakeTmp'
Makefile:126: recipe for target 'cmTC_839ba/fast' failed
make: *** [cmTC_839ba/fast] Error 2


